<?xml version="1.0" encoding="UTF-8"?>
<testng-results skipped="0" failed="0" ignored="0" total="1" passed="1">
  <reporter-output>
  </reporter-output>
  <suite name="Default suite" duration-ms="20931" started-at="2018-01-05T21:42:30Z" finished-at="2018-01-05T21:42:51Z">
    <groups>
    </groups>
    <test name="Default test" duration-ms="20931" started-at="2018-01-05T21:42:30Z" finished-at="2018-01-05T21:42:51Z">
      <class name="com.HomePage.TC001_VerifyLoginWith_Invalid_Credentials">
        <test-method status="PASS" signature="setUp()[pri:0, instance:com.HomePage.TC001_VerifyLoginWith_Invalid_Credentials@6093dd95]" name="setUp" is-config="true" duration-ms="16832" started-at="2018-01-05T15:42:30Z" finished-at="2018-01-05T15:42:47Z">
          <reporter-output>
          </reporter-output>
        </test-method> <!-- setUp -->
        <test-method status="PASS" signature="verifyLoginWithInvalidCredentials()[pri:0, instance:com.HomePage.TC001_VerifyLoginWith_Invalid_Credentials@6093dd95]" name="verifyLoginWithInvalidCredentials" duration-ms="3985" started-at="2018-01-05T15:42:47Z" finished-at="2018-01-05T15:42:51Z">
          <reporter-output>
          </reporter-output>
        </test-method> <!-- verifyLoginWithInvalidCredentials -->
        <test-method status="PASS" signature="endTest()[pri:0, instance:com.HomePage.TC001_VerifyLoginWith_Invalid_Credentials@6093dd95]" name="endTest" is-config="true" duration-ms="9" started-at="2018-01-05T15:42:51Z" finished-at="2018-01-05T15:42:51Z">
          <reporter-output>
          </reporter-output>
        </test-method> <!-- endTest -->
      </class> <!-- com.HomePage.TC001_VerifyLoginWith_Invalid_Credentials -->
    </test> <!-- Default test -->
  </suite> <!-- Default suite -->
</testng-results>
